<?xml version="1.0" encoding="UTF-8"?>
<!-- Generated by org.testng.reporters.JUnitReportReporter -->
<testsuite name="daemonSolutions.DaemonSolutions_SeleniumTest" tests="10" time="1.676" ignored="0" failures="0" timestamp="28 May 2019 10:05:38 GMT" skipped="0" hostname="HUAWEI_P20_Pro-b6b127983e.localdomain" errors="0">
  <testcase name="check_Technical_delivery" time="0.065" classname="daemonSolutions.DaemonSolutions_SeleniumTest"/>
  <testcase name="check_Performance_Engineering" time="0.127" classname="daemonSolutions.DaemonSolutions_SeleniumTest"/>
  <testcase name="check_MI_AI" time="0.038" classname="daemonSolutions.DaemonSolutions_SeleniumTest"/>
  <testcase name="check_design_thinking" time="0.032" classname="daemonSolutions.DaemonSolutions_SeleniumTest"/>
  <testcase name="check_DevOps" time="0.038" classname="daemonSolutions.DaemonSolutions_SeleniumTest"/>
  <testcase name="check_availability" time="0.173" classname="daemonSolutions.DaemonSolutions_SeleniumTest"/>
  <testcase name="check_blog_page" time="0.865" classname="daemonSolutions.DaemonSolutions_SeleniumTest"/>
  <testcase name="check_Digital_engineering" time="0.145" classname="daemonSolutions.DaemonSolutions_SeleniumTest"/>
  <testcase name="check_Cloud" time="0.068" classname="daemonSolutions.DaemonSolutions_SeleniumTest"/>
  <testcase name="check_careers" time="0.125" classname="daemonSolutions.DaemonSolutions_SeleniumTest"/>
</testsuite> <!-- daemonSolutions.DaemonSolutions_SeleniumTest -->
